[    0.000000] Linux version 4.15.0-121-generic (buildd@lgw01-amd64-034) (gcc version 7.5.0 (Ubuntu 7.5.0-3ubuntu1~18.04)) #123-Ubuntu SMP Mon Oct 5 16:16:40 UTC 2020 (Ubuntu 4.15.0-121.123-generic 4.15.18)
[    0.000000] Command line: BOOT_IMAGE=/boot/vmlinuz-4.15.0-121-generic root=LABEL=cloudimg-rootfs ro console=tty1 console=ttyS0
[    0.000000] KERNEL supported cpus:
[    0.000000]   Intel GenuineIntel
[    0.000000]   AMD AuthenticAMD
[    0.000000]   Centaur CentaurHauls
[    0.000000] x86/fpu: Supporting XSAVE feature 0x001: 'x87 floating point registers'
[    0.000000] x86/fpu: Supporting XSAVE feature 0x002: 'SSE registers'
[    0.000000] x86/fpu: Supporting XSAVE feature 0x004: 'AVX registers'
[    0.000000] x86/fpu: xstate_offset[2]:  576, xstate_sizes[2]:  256
[    0.000000] x86/fpu: Enabled xstate features 0x7, context size is 832 bytes, using 'standard' format.
[    0.000000] e820: BIOS-provided physical RAM map:
[    0.000000] BIOS-e820: [mem 0x0000000000000000-0x000000000009fbff] usable
[    0.000000] BIOS-e820: [mem 0x000000000009fc00-0x000000000009ffff] reserved
[    0.000000] BIOS-e820: [mem 0x00000000000f0000-0x00000000000fffff] reserved
[    0.000000] BIOS-e820: [mem 0x0000000000100000-0x000000003ffeffff] usable
[    0.000000] BIOS-e820: [mem 0x000000003fff0000-0x000000003fffffff] ACPI data
[    0.000000] BIOS-e820: [mem 0x00000000fec00000-0x00000000fec00fff] reserved
[    0.000000] BIOS-e820: [mem 0x00000000fee00000-0x00000000fee00fff] reserved
[    0.000000] BIOS-e820: [mem 0x00000000fffc0000-0x00000000ffffffff] reserved
[    0.000000] NX (Execute Disable) protection: active
[    0.000000] SMBIOS 2.5 present.
[    0.000000] DMI: innotek GmbH VirtualBox/VirtualBox, BIOS VirtualBox 12/01/2006
[    0.000000] Hypervisor detected: KVM
[    0.000000] e820: last_pfn = 0x3fff0 max_arch_pfn = 0x400000000
[    0.000000] MTRR: Disabled
[    0.000000] x86/PAT: MTRRs disabled, skipping PAT initialization too.
[    0.000000] CPU MTRRs all blank - virtualized system.
[    0.000000] x86/PAT: Configuration [0-7]: WB  WT  UC- UC  WB  WT  UC- UC  
[    0.000000] found SMP MP-table at [mem 0x0009fff0-0x0009ffff]
[    0.000000] Scanning 1 areas for low memory corruption
[    0.000000] RAMDISK: [mem 0x35a63000-0x36d28fff]
[    0.000000] ACPI: Early table checksum verification disabled
[    0.000000] ACPI: RSDP 0x00000000000E0000 000024 (v02 VBOX  )
[    0.000000] ACPI: XSDT 0x000000003FFF0030 00003C (v01 VBOX   VBOXXSDT 00000001 ASL  00000061)
[    0.000000] ACPI: FACP 0x000000003FFF00F0 0000F4 (v04 VBOX   VBOXFACP 00000001 ASL  00000061)
[    0.000000] ACPI: DSDT 0x000000003FFF0470 002325 (v02 VBOX   VBOXBIOS 00000002 INTL 20100528)
[    0.000000] ACPI: FACS 0x000000003FFF0200 000040
[    0.000000] ACPI: FACS 0x000000003FFF0200 000040
[    0.000000] ACPI: APIC 0x000000003FFF0240 00005C (v02 VBOX   VBOXAPIC 00000001 ASL  00000061)
[    0.000000] ACPI: SSDT 0x000000003FFF02A0 0001CC (v01 VBOX   VBOXCPUT 00000002 INTL 20100528)
[    0.000000] No NUMA configuration found
[    0.000000] Faking a node at [mem 0x0000000000000000-0x000000003ffeffff]
[    0.000000] NODE_DATA(0) allocated [mem 0x3ffc5000-0x3ffeffff]
[    0.000000] kvm-clock: cpu 0, msr 0:3ff44001, primary cpu clock
[    0.000000] kvm-clock: Using msrs 4b564d01 and 4b564d00
[    0.000000] kvm-clock: using sched offset of 3875576052 cycles
[    0.000000] clocksource: kvm-clock: mask: 0xffffffffffffffff max_cycles: 0x1cd42e4dffb, max_idle_ns: 881590591483 ns
[    0.000000] Zone ranges:
[    0.000000]   DMA      [mem 0x0000000000001000-0x0000000000ffffff]
[    0.000000]   DMA32    [mem 0x0000000001000000-0x000000003ffeffff]
[    0.000000]   Normal   empty
[    0.000000]   Device   empty
[    0.000000] Movable zone start for each node
[    0.000000] Early memory node ranges
[    0.000000]   node   0: [mem 0x0000000000001000-0x000000000009efff]
[    0.000000]   node   0: [mem 0x0000000000100000-0x000000003ffeffff]
[    0.000000] Reserved but unavailable: 98 pages
[    0.000000] Initmem setup node 0 [mem 0x0000000000001000-0x000000003ffeffff]
[    0.000000] ACPI: PM-Timer IO Port: 0x4008
[    0.000000] IOAPIC[0]: apic_id 2, version 32, address 0xfec00000, GSI 0-23
[    0.000000] ACPI: INT_SRC_OVR (bus 0 bus_irq 0 global_irq 2 dfl dfl)
[    0.000000] ACPI: INT_SRC_OVR (bus 0 bus_irq 9 global_irq 9 low level)
[    0.000000] Using ACPI (MADT) for SMP configuration information
[    0.000000] smpboot: Allowing 2 CPUs, 0 hotplug CPUs
[    0.000000] PM: Registered nosave memory: [mem 0x00000000-0x00000fff]
[    0.000000] PM: Registered nosave memory: [mem 0x0009f000-0x0009ffff]
[    0.000000] PM: Registered nosave memory: [mem 0x000a0000-0x000effff]
[    0.000000] PM: Registered nosave memory: [mem 0x000f0000-0x000fffff]
[    0.000000] e820: [mem 0x40000000-0xfebfffff] available for PCI devices
[    0.000000] Booting paravirtualized kernel on KVM
[    0.000000] clocksource: refined-jiffies: mask: 0xffffffff max_cycles: 0xffffffff, max_idle_ns: 7645519600211568 ns
[    0.000000] random: get_random_bytes called from start_kernel+0x99/0x500 with crng_init=0
[    0.000000] setup_percpu: NR_CPUS:8192 nr_cpumask_bits:2 nr_cpu_ids:2 nr_node_ids:1
[    0.000000] percpu: Embedded 45 pages/cpu s147456 r8192 d28672 u1048576
[    0.000000] PV qspinlock hash table entries: 256 (order: 0, 4096 bytes)
[    0.000000] Built 1 zonelists, mobility grouping on.  Total pages: 257913
[    0.000000] Policy zone: DMA32
[    0.000000] Kernel command line: BOOT_IMAGE=/boot/vmlinuz-4.15.0-121-generic root=LABEL=cloudimg-rootfs ro console=tty1 console=ttyS0
[    0.000000] Memory: 983024K/1048120K available (12300K kernel code, 2482K rwdata, 4272K rodata, 2436K init, 2724K bss, 65096K reserved, 0K cma-reserved)
[    0.000000] SLUB: HWalign=64, Order=0-3, MinObjects=0, CPUs=2, Nodes=1
[    0.000000] Kernel/User page tables isolation: enabled
[    0.000000] ftrace: allocating 39402 entries in 154 pages
[    0.004000] Hierarchical RCU implementation.
[    0.004000] 	RCU restricting CPUs from NR_CPUS=8192 to nr_cpu_ids=2.
[    0.004000] 	Tasks RCU enabled.
[    0.004000] RCU: Adjusting geometry for rcu_fanout_leaf=16, nr_cpu_ids=2
[    0.004000] NR_IRQS: 524544, nr_irqs: 440, preallocated irqs: 16
[    0.004000] Console: colour VGA+ 80x25
[    0.004000] console [tty1] enabled
[    0.004000] console [ttyS0] enabled
[    0.004000] ACPI: Core revision 20170831
[    0.004000] ACPI: 2 ACPI AML tables successfully acquired and loaded
[    0.004000] APIC: Switch to symmetric I/O mode setup
[    0.004000] x2apic enabled
[    0.004000] Switched APIC routing to physical x2apic.
[    0.006233] ..TIMER: vector=0x30 apic1=0 pin1=2 apic2=-1 pin2=-1
[    0.008006] tsc: Detected 2712.002 MHz processor
[    0.009377] Calibrating delay loop (skipped) preset value.. 5424.00 BogoMIPS (lpj=10848008)
[    0.012006] pid_max: default: 32768 minimum: 301
[    0.013082] Security Framework initialized
[    0.014302] Yama: becoming mindful.
[    0.016037] AppArmor: AppArmor initialized
[    0.018383] Dentry cache hash table entries: 131072 (order: 8, 1048576 bytes)
[    0.020088] Inode-cache hash table entries: 65536 (order: 7, 524288 bytes)
[    0.021482] Mount-cache hash table entries: 2048 (order: 2, 16384 bytes)
[    0.022832] Mountpoint-cache hash table entries: 2048 (order: 2, 16384 bytes)
[    0.024259] Last level iTLB entries: 4KB 64, 2MB 8, 4MB 8
[    0.025240] Last level dTLB entries: 4KB 64, 2MB 0, 4MB 0, 1GB 4
[    0.026472] Spectre V1 : Mitigation: usercopy/swapgs barriers and __user pointer sanitization
[    0.028003] Spectre V2 : Mitigation: Full generic retpoline
[    0.029075] Spectre V2 : Spectre v2 / SpectreRSB mitigation: Filling RSB on context switch
[    0.030707] Speculative Store Bypass: Vulnerable
[    0.032033] SRBDS: Unknown: Dependent on hypervisor status
[    0.033407] MDS: Mitigation: Clear CPU buffers
[    0.034507] Freeing SMP alternatives memory: 36K
[    0.145965] smpboot: CPU0: Intel(R) Core(TM) i5-7300U CPU @ 2.60GHz (family: 0x6, model: 0x8e, stepping: 0x9)
[    0.147990] Performance Events: unsupported p6 CPU model 142 no PMU driver, software events only.
[    0.148071] Hierarchical SRCU implementation.
[    0.149529] NMI watchdog: Perf event create on CPU 0 failed with -2
[    0.150683] NMI watchdog: Perf NMI watchdog permanently disabled
[    0.152045] smp: Bringing up secondary CPUs ...
[    0.153231] x86: Booting SMP configuration:
[    0.154110] .... node  #0, CPUs:      #1
[    0.004000] kvm-clock: cpu 1, msr 0:3ff44041, secondary cpu clock
[    0.160022] smp: Brought up 1 node, 2 CPUs
[    0.160807] smpboot: Max logical packages: 1
[    0.161609] smpboot: Total of 2 processors activated (10848.00 BogoMIPS)
[    0.163008] devtmpfs: initialized
[    0.163008] x86/mm: Memory block size: 128MB
[    0.164164] evm: security.selinux
[    0.164820] evm: security.SMACK64
[    0.165475] evm: security.SMACK64EXEC
[    0.166188] evm: security.SMACK64TRANSMUTE
[    0.166985] evm: security.SMACK64MMAP
[    0.168003] evm: security.apparmor
[    0.168663] evm: security.ima
[    0.169409] evm: security.capability
[    0.170272] clocksource: jiffies: mask: 0xffffffff max_cycles: 0xffffffff, max_idle_ns: 7645041785100000 ns
[    0.172009] futex hash table entries: 512 (order: 3, 32768 bytes)
[    0.176023] pinctrl core: initialized pinctrl subsystem
[    0.177188] RTC time: 17:55:49, date: 10/25/20
[    0.180006] NET: Registered protocol family 16
[    0.180983] audit: initializing netlink subsys (disabled)
[    0.182043] audit: type=2000 audit(1603648554.122:1): state=initialized audit_enabled=0 res=1
[    0.184033] cpuidle: using governor ladder
[    0.184853] cpuidle: using governor menu
[    0.185703] ACPI: bus type PCI registered
[    0.186535] acpiphp: ACPI Hot Plug PCI Controller Driver version: 0.5
[    0.187865] PCI: Using configuration type 1 for base access
[    0.189061] HugeTLB registered 2.00 MiB page size, pre-allocated 0 pages
[    0.192090] ACPI: Added _OSI(Module Device)
[    0.192984] ACPI: Added _OSI(Processor Device)
[    0.194183] ACPI: Added _OSI(3.0 _SCP Extensions)
[    0.195420] ACPI: Added _OSI(Processor Aggregator Device)
[    0.196005] ACPI: Added _OSI(Linux-Dell-Video)
[    0.196874] ACPI: Added _OSI(Linux-Lenovo-NV-HDMI-Audio)
[    0.197951] ACPI: Added _OSI(Linux-HPI-Hybrid-Graphics)
[    0.200009] ACPI: Executed 1 blocks of module-level executable AML code
[    0.203526] ACPI: Interpreter enabled
[    0.208014] ACPI: (supports S0 S5)
[    0.208758] ACPI: Using IOAPIC for interrupt routing
[    0.210699] PCI: Using host bridge windows from ACPI; if necessary, use "pci=nocrs" and report a bug
[    0.212196] ACPI: Enabled 2 GPEs in block 00 to 07
[    0.218620] ACPI: PCI Root Bridge [PCI0] (domain 0000 [bus 00-ff])
[    0.224028] acpi PNP0A03:00: _OSC: OS supports [ASPM ClockPM Segments MSI]
[    0.226260] acpi PNP0A03:00: _OSC: not requesting OS control; OS requires [ExtendedConfig ASPM ClockPM MSI]
[    0.228018] acpi PNP0A03:00: fail to add MMCONFIG information, can't access extended PCI configuration space under this bridge.
[    0.228412] PCI host bridge to bus 0000:00
[    0.229604] pci_bus 0000:00: root bus resource [io  0x0000-0x0cf7 window]
[    0.231018] pci_bus 0000:00: root bus resource [io  0x0d00-0xffff window]
[    0.236006] pci_bus 0000:00: root bus resource [mem 0x000a0000-0x000bffff window]
[    0.237525] pci_bus 0000:00: root bus resource [mem 0x40000000-0xfdffffff window]
[    0.239393] pci_bus 0000:00: root bus resource [bus 00-ff]
[    0.242082] pci 0000:00:01.1: legacy IDE quirk: reg 0x10: [io  0x01f0-0x01f7]
[    0.244005] pci 0000:00:01.1: legacy IDE quirk: reg 0x14: [io  0x03f6]
[    0.245232] pci 0000:00:01.1: legacy IDE quirk: reg 0x18: [io  0x0170-0x0177]
[    0.248005] pci 0000:00:01.1: legacy IDE quirk: reg 0x1c: [io  0x0376]
[    0.261545] pci 0000:00:07.0: quirk: [io  0x4000-0x403f] claimed by PIIX4 ACPI
[    0.262985] pci 0000:00:07.0: quirk: [io  0x4100-0x410f] claimed by PIIX4 SMB
[    0.279101] ACPI: PCI Interrupt Link [LNKA] (IRQs 5 9 10 *11)
[    0.279101] ACPI: PCI Interrupt Link [LNKB] (IRQs 5 9 *10 11)
[    0.279101] ACPI: PCI Interrupt Link [LNKC] (IRQs 5 *9 10 11)
[    0.279101] ACPI: PCI Interrupt Link [LNKD] (IRQs 5 9 10 *11)
[    0.280003] SCSI subsystem initialized
[    0.284061] pci 0000:00:02.0: vgaarb: setting as boot VGA device
[    0.285147] pci 0000:00:02.0: vgaarb: VGA device added: decodes=io+mem,owns=io+mem,locks=none
[    0.286810] pci 0000:00:02.0: vgaarb: bridge control possible
[    0.288003] vgaarb: loaded
[    0.289328] ACPI: bus type USB registered
[    0.290480] usbcore: registered new interface driver usbfs
[    0.292011] usbcore: registered new interface driver hub
[    0.293072] usbcore: registered new device driver usb
[    0.294148] EDAC MC: Ver: 3.0.0
[    0.296229] PCI: Using ACPI for IRQ routing
[    0.297164] NetLabel: Initializing
[    0.297868] NetLabel:  domain hash size = 128
[    0.298796] NetLabel:  protocols = UNLABELED CIPSOv4 CALIPSO
[    0.300020] NetLabel:  unlabeled traffic allowed by default
[    0.301058] clocksource: Switched to clocksource kvm-clock
[    0.314867] VFS: Disk quotas dquot_6.6.0
[    0.315814] VFS: Dquot-cache hash table entries: 512 (order 0, 4096 bytes)
[    0.317503] AppArmor: AppArmor Filesystem Enabled
[    0.318645] pnp: PnP ACPI init
[    0.320449] pnp: PnP ACPI: found 3 devices
[    0.326991] clocksource: acpi_pm: mask: 0xffffff max_cycles: 0xffffff, max_idle_ns: 2085701024 ns
[    0.329059] NET: Registered protocol family 2
[    0.330119] TCP established hash table entries: 8192 (order: 4, 65536 bytes)
[    0.332012] TCP bind hash table entries: 8192 (order: 5, 131072 bytes)
[    0.335677] TCP: Hash tables configured (established 8192 bind 8192)
[    0.336941] UDP hash table entries: 512 (order: 2, 16384 bytes)
[    0.338259] UDP-Lite hash table entries: 512 (order: 2, 16384 bytes)
[    0.339782] NET: Registered protocol family 1
[    0.340640] pci 0000:00:00.0: Limiting direct PCI/PCI transfers
[    0.341758] pci 0000:00:01.0: Activating ISA DMA hang workarounds
[    0.343035] pci 0000:00:02.0: Video device with shadowed ROM at [mem 0x000c0000-0x000dffff]
[    0.344816] Unpacking initramfs...
[    0.633460] Freeing initrd memory: 19224K
[    0.634545] clocksource: tsc: mask: 0xffffffffffffffff max_cycles: 0x2717880cafa, max_idle_ns: 440795252614 ns
[    0.636979] platform rtc_cmos: registered platform RTC device (no PNP device found)
[    0.638958] Scanning for low memory corruption every 60 seconds
[    0.641199] Initialise system trusted keyrings
[    0.642158] Key type blacklist registered
[    0.643400] workingset: timestamp_bits=36 max_order=18 bucket_order=0
[    0.646035] zbud: loaded
[    0.647237] squashfs: version 4.0 (2009/01/31) Phillip Lougher
[    0.648585] fuse init (API version 7.26)
[    0.652758] Key type asymmetric registered
[    0.653995] Asymmetric key parser 'x509' registered
[    0.655057] Block layer SCSI generic (bsg) driver version 0.4 loaded (major 246)
[    0.656704] io scheduler noop registered
[    0.657569] io scheduler deadline registered
[    0.658459] io scheduler cfq registered (default)
[    0.660162] ACPI: AC Adapter [AC] (on-line)
[    0.661073] input: Power Button as /devices/LNXSYSTM:00/LNXPWRBN:00/input/input0
[    0.662656] ACPI: Power Button [PWRF]
[    0.663536] input: Sleep Button as /devices/LNXSYSTM:00/LNXSLPBN:00/input/input1
[    0.665465] ACPI: Sleep Button [SLPF]
[    0.666564] Serial: 8250/16550 driver, 32 ports, IRQ sharing enabled
[    0.667682] ACPI: Battery Slot [BAT0] (battery present)
[    0.689441] 00:02: ttyS0 at I/O 0x3f8 (irq = 4, base_baud = 115200) is a 16550A
[    0.692487] Linux agpgart interface v0.103
[    0.694480] loop: module loaded
[    0.696229] scsi host0: ata_piix
[    0.697260] scsi host1: ata_piix
[    0.697979] ata1: PATA max UDMA/33 cmd 0x1f0 ctl 0x3f6 bmdma 0xd000 irq 14
[    0.699291] ata2: PATA max UDMA/33 cmd 0x170 ctl 0x376 bmdma 0xd008 irq 15
[    0.701198] libphy: Fixed MDIO Bus: probed
[    0.702186] tun: Universal TUN/TAP device driver, 1.6
[    0.703315] PPP generic driver version 2.4.2
[    0.704246] ehci_hcd: USB 2.0 'Enhanced' Host Controller (EHCI) Driver
[    0.705584] ehci-pci: EHCI PCI platform driver
[    0.706498] ehci-platform: EHCI generic platform driver
[    0.707886] ohci_hcd: USB 1.1 'Open' Host Controller (OHCI) Driver
[    0.709484] ohci-pci: OHCI PCI platform driver
[    0.710381] ohci-platform: OHCI generic platform driver
[    0.711378] uhci_hcd: USB Universal Host Controller Interface driver
[    0.712820] i8042: PNP: PS/2 Controller [PNP0303:PS2K,PNP0f03:PS2M] at 0x60,0x64 irq 1,12
[    0.715650] serio: i8042 KBD port at 0x60,0x64 irq 1
[    0.716966] serio: i8042 AUX port at 0x60,0x64 irq 12
[    0.718493] mousedev: PS/2 mouse device common for all mice
[    0.720142] input: AT Translated Set 2 keyboard as /devices/platform/i8042/serio0/input/input2
[    0.722026] rtc_cmos rtc_cmos: rtc core: registered rtc_cmos as rtc0
[    0.723620] rtc_cmos rtc_cmos: alarms up to one day, 114 bytes nvram
[    0.725252] i2c /dev entries driver
[    0.726325] device-mapper: uevent: version 1.0.3
[    0.727485] device-mapper: ioctl: 4.37.0-ioctl (2017-09-20) initialised: dm-devel@redhat.com
[    0.729509] ledtrig-cpu: registered to indicate activity on CPUs
[    0.730985] NET: Registered protocol family 10
[    0.735565] Segment Routing with IPv6
[    0.736415] NET: Registered protocol family 17
[    0.737323] Key type dns_resolver registered
[    0.738397] mce: Using 0 MCE banks
[    0.739163] RAS: Correctable Errors collector initialized.
[    0.740495] sched_clock: Marking stable (740481049, 0)->(924551877, -184070828)
[    0.742284] registered taskstats version 1
[    0.743266] Loading compiled-in X.509 certificates
[    0.746850] Loaded X.509 cert 'Build time autogenerated kernel key: 517b2180bafe62ad6f81db3336688475b28504c0'
[    0.748816] zswap: loaded using pool lzo/zbud
[    0.753156] Key type big_key registered
[    0.753930] Key type trusted registered
[    0.756912] Key type encrypted registered
[    0.757724] AppArmor: AppArmor sha1 policy hashing enabled
[    0.758704] ima: No TPM chip found, activating TPM-bypass! (rc=-19)
[    0.759920] ima: Allocated hash algorithm: sha1
[    0.761190] evm: HMAC attrs: 0x1
[    0.762129]   Magic number: 8:598:947
[    0.763038] tty tty4: hash matches
[    0.763759] memory memory0: hash matches
[    0.764779] rtc_cmos rtc_cmos: setting system clock to 2020-10-25 17:55:49 UTC (1603648549)
[    0.766767] BIOS EDD facility v0.16 2004-Jun-25, 0 devices found
[    0.767974] EDD information not available.
[    0.887239] Freeing unused kernel image memory: 2436K
[    0.900250] Write protecting the kernel read-only data: 20480k
[    0.901990] Freeing unused kernel image memory: 2008K
[    0.903735] Freeing unused kernel image memory: 1872K
[    0.916986] x86/mm: Checked W+X mappings: passed, no W+X pages found.
[    0.918541] x86/mm: Checking user space page tables
[    0.933793] x86/mm: Checked W+X mappings: passed, no W+X pages found.
Loading, please wait...
starting version 237
[    1.023981] e1000: Intel(R) PRO/1000 Network Driver - version 7.3.21-k8-NAPI
[    1.025711] e1000: Copyright (c) 1999-2006 Intel Corporation.
[    1.038696] Fusion MPT base driver 3.04.20
[    1.039900] Copyright (c) 1999-2008 LSI Corporation
[    1.072008] Fusion MPT SPI Host driver 3.04.20
[    1.089427] AVX2 version of gcm_enc/dec engaged.
[    1.090664] AES CTR mode by8 optimization enabled
[    1.289228] input: ImExPS/2 Generic Explorer Mouse as /devices/platform/i8042/serio1/input/input4
[    1.682832] e1000 0000:00:03.0 eth0: (PCI:33MHz:32-bit) 02:c6:b0:25:69:cb
[    1.684459] e1000 0000:00:03.0 eth0: Intel(R) PRO/1000 Network Connection
[    1.687061] mptbase: ioc0: Initiating bringup
[    1.943515] ioc0: LSI53C1030 A0: Capabilities={Initiator}
[    4.947460] scsi host2: ioc0: LSI53C1030 A0, FwRev=00000000h, Ports=1, MaxQ=256, IRQ=20
[    7.532960] scsi 2:0:0:0: Direct-Access     VBOX     HARDDISK         1.0  PQ: 0 ANSI: 5
[    7.564372] scsi target2:0:0: Beginning Domain Validation
[    7.568151] scsi target2:0:0: Domain Validation skipping write tests
[    7.569647] scsi target2:0:0: Ending Domain Validation
[    7.571016] scsi target2:0:0: asynchronous
[    7.592403] scsi 2:0:1:0: Direct-Access     VBOX     HARDDISK         1.0  PQ: 0 ANSI: 5
[    7.625719] scsi target2:0:1: Beginning Domain Validation
[    7.645075] random: fast init done
[    7.646310] scsi target2:0:1: Domain Validation skipping write tests
[    7.648033] scsi target2:0:1: Ending Domain Validation
[    7.649610] scsi target2:0:1: asynchronous
[    7.655792] random: systemd-udevd: uninitialized urandom read (16 bytes read)
[    7.657342] random: systemd-udevd: uninitialized urandom read (16 bytes read)
[    7.659025] random: systemd-udevd: uninitialized urandom read (16 bytes read)
[    7.661096] sd 2:0:0:0: Attached scsi generic sg0 type 0
[    7.662708] sd 2:0:1:0: Attached scsi generic sg1 type 0
[    7.665152] sd 2:0:1:0: [sdb] 20480 512-byte logical blocks: (10.5 MB/10.0 MiB)
[    7.667389] sd 2:0:1:0: [sdb] Write Protect is off
[    7.668890] sd 2:0:1:0: [sdb] Incomplete mode parameter data
[    7.670426] sd 2:0:1:0: [sdb] Assuming drive cache: write through
[    7.672107] sd 2:0:0:0: [sda] 20971520 512-byte logical blocks: (10.7 GB/10.0 GiB)
[    7.673913] sd 2:0:0:0: [sda] Write Protect is off
[    7.675246] sd 2:0:0:0: [sda] Incomplete mode parameter data
[    7.677637] sd 2:0:0:0: [sda] Assuming drive cache: write through
[    7.688622]  sda: sda1
[    7.692572] sd 2:0:0:0: [sda] Attached SCSI disk
[    7.694395] sd 2:0:1:0: [sdb] Attached SCSI disk
[    8.184974] e1000 0000:00:08.0 eth1: (PCI:33MHz:32-bit) 08:00:27:59:a7:08
[    8.188401] e1000 0000:00:08.0 eth1: Intel(R) PRO/1000 Network Connection
[    8.192589] e1000 0000:00:08.0 enp0s8: renamed from eth1
[    8.213090] e1000 0000:00:03.0 enp0s3: renamed from eth0
Begin: Loading essential drivers ... [    9.916377] raid6: sse2x1   gen() 10927 MB/s
[    9.964217] raid6: sse2x1   xor()  8000 MB/s
[   10.012473] raid6: sse2x2   gen() 13682 MB/s
[   10.060322] raid6: sse2x2   xor()  7108 MB/s
[   10.108126] raid6: sse2x4   gen() 15520 MB/s
[   10.156469] raid6: sse2x4   xor()  8945 MB/s
[   10.204313] raid6: avx2x1   gen() 22364 MB/s
[   10.252171] raid6: avx2x1   xor() 14784 MB/s
[   10.300073] raid6: avx2x2   gen() 25771 MB/s
[   10.348040] raid6: avx2x2   xor() 15913 MB/s
[   10.396058] raid6: avx2x4   gen() 29155 MB/s
[   10.444424] raid6: avx2x4   xor() 17743 MB/s
[   10.445341] raid6: using algorithm avx2x4 gen() 29155 MB/s
[   10.446376] raid6: .... xor() 17743 MB/s, rmw enabled
[   10.447321] raid6: using avx2x2 recovery algorithm
[   10.449360] xor: automatically using best checksumming function   avx       
[   10.451811] async_tx: api initialized (async)
done.
Begin: Running /scripts/init-premount ... done.
Begin: Mounting root file system ... Begin: Running /scripts/local-top ... done.
Begin: Running /scripts/local-premount ... [   10.499740] Btrfs loaded, crc32c=crc32c-intel
Scanning for Btrfs filesystems
done.
Warning: fsck not present, so skipping root file system
[   10.558445] EXT4-fs (sda1): mounted filesystem with ordered data mode. Opts: (null)
done.
Begin: Running /scripts/local-bottom ... done.
Begin: Running /scripts/init-bottom ... done.
[   10.766097] ip_tables: (C) 2000-2006 Netfilter Core Team
[   10.778321] systemd[1]: systemd 237 running in system mode. (+PAM +AUDIT +SELINUX +IMA +APPARMOR +SMACK +SYSVINIT +UTMP +LIBCRYPTSETUP +GCRYPT +GNUTLS +ACL +XZ +LZ4 +SECCOMP +BLKID +ELFUTILS +KMOD -IDN2 +IDN -PCRE2 default-hierarchy=hybrid)
[   10.783338] systemd[1]: Detected virtualization oracle.
[   10.784765] systemd[1]: Detected architecture x86-64.

Welcome to [1mUbuntu 18.04.5 LTS[0m!

[   10.791809] systemd[1]: Set hostname to <ubuntu>.
[   10.798249] systemd[1]: Initializing machine ID from random generator.
[   10.800178] systemd[1]: Installed transient /etc/machine-id file.
[   11.079620] systemd[1]: Created slice User and Session Slice.
[[0;32m  OK  [0m] Created slice User and Session Slice.
[   11.081364] systemd[1]: Started Forward Password Requests to Wall Directory Watch.
[[0;32m  OK  [0m] Started Forward Password Requests to Wall Directory Watch.
[   11.083717] systemd[1]: Reached target System Time Synchronized.
[[0;32m  OK  [0m] Reached target System Time Synchronized.
[   11.096427] systemd[1]: Reached target User and Group Name Lookups.
[[0;32m  OK  [0m] Reached target User and Group Name Lookups.
[[0;32m  OK  [0m] Reached target Swap.
[[0;32m  OK  [0m] Created slice System Slice.
[[0;32m  OK  [0m] Listening on udev Control Socket.
[[0;32m  OK  [0m] Reached target Slices.
[[0;32m  OK  [0m] Listening on Journal Socket (/dev/log).
[[0;32m  OK  [0m] Created slice system-serial\x2dgetty.slice.
[[0;32m  OK  [0m] Listening on Syslog Socket.
[[0;32m  OK  [0m] Listening on Journal Audit Socket.
[[0;32m  OK  [0m] Listening on /dev/initctl Compatibility Named Pipe.
[[0;32m  OK  [0m] Listening on Network Service Netlink Socket.
[[0;32m  OK  [0m] Listening on LVM2 metadata daemon socket.
[[0;32m  OK  [0m] Listening on Device-mapper event daemon FIFOs.
[[0;32m  OK  [0m] Set up automount Arbitrary Executab…rmats File System Automount Point.
[[0;32m  OK  [0m] Listening on LVM2 poll daemon socket.
[[0;32m  OK  [0m] Listening on udev Kernel Socket.
[[0;32m  OK  [0m] Listening on Journal Socket.
         Starting udev Coldplug all Devices...
         Mounting Kernel Debug File System...
         Starting Create list of required st…ce nodes for the current kernel...
         Starting Uncomplicated firewall...
         Starting Monitoring of LVM2 mirrors…ng dmeventd or progress polling...
         Mounting POSIX Message Queue File System...
         Starting Load Kernel Modules...
         Mounting Huge Pages File System...
         Starting Journal Service...
         Starting Set the console keyboard layout...
         Starting Remount Root and Kernel File Systems...
[[0;32m  OK  [0m] Mounted Kernel Debug File System.
[[0;32m  OK  [0m] Started Create list of required sta…vice nodes for the current kernel.
[[0;32m  OK  [0m] Started Uncomplicated firewall.
[[0;32m  OK  [0m] Mounted POSIX Message Queue File System.
[[0;32m  OK  [0m] Mounted Huge Pages File System.
[[0;32m  OK  [0m] Started LVM2 metadata daemon.
         Starting Create Static Device Nodes in /dev...
[   13.029847] Loading iSCSI transport class v2.0-870.
[   13.038532] iscsi: registered transport (tcp)
[[0;32m  OK  [0m] Started udev Coldplug all Devices.
[[0;32m  OK  [0m] Started Journal Service.
[[0;32m  OK  [0m] Started Create Static Device Nodes in /dev.
[   13.154013] iscsi: registered transport (iser)
[   13.156611] EXT4-fs (sda1): re-mounted. Opts: (null)
[[0;32m  OK  [0m] Started Load Kernel Modules.
[[0;32m  OK  [0m] Started Remount Root and Kernel File Systems.
         Starting Load/Save Random Seed...
         Starting Flush Journal to Persistent Storage...
         Starting udev Kernel Device Manager...
         Starting Apply Kernel Variables...
         Mounting FUSE Control File System...
         Mounting Kernel Configuration File System...
[[0;32m  OK  [0m] Started Monitoring of LVM2 mirrors,…sing dmeventd or progress polling.
[[0;32m  OK  [0m] Started Load/Save Random Seed.
[[0;32m  OK  [0m] Mounted FUSE Control File System.
[[0;32m  OK  [0m] Mounted Kernel Configuration File System.
[   13.227280] systemd-journald[405]: Received request to flush runtime journal from PID 1
[[0;32m  OK  [0m] Started Apply Kernel Variables.
[[0;32m  OK  [0m] Started Flush Journal to Persistent Storage.
[[0;32m  OK  [0m] Started udev Kernel Device Manager.
[[0;32m  OK  [0m] Started Set the console keyboard layout.
[[0;32m  OK  [0m] Reached target Local File Systems (Pre).
[[0;32m  OK  [0m] Reached target Local File Systems.
         Starting Create Volatile Files and Directories...
         Starting Commit a transient machine-id on disk...
         Starting ebtables ruleset management...
         Starting Tell Plymouth To Write Out Runtime Data...
         Starting AppArmor initialization...
         Starting Set console font and keymap...
[[0;32m  OK  [0m] Started Dispatch Password Requests to Console Directory Watch.
[[0;32m  OK  [0m] Reached target Local Encrypted Volumes.
[[0;32m  OK  [0m] Started Set console font and keymap.
[[0;32m  OK  [0m] Started Tell Plymouth To Write Out Runtime Data.
[[0;32m  OK  [0m] Started Create Volatile Files and Directories.
         Starting Update UTMP about System Boot/Shutdown...
[[0;32m  OK  [0m] Started Update UTMP about System Boot/Shutdown.
[[0;32m  OK  [0m] Started Commit a transient machine-id on disk.
[[0;32m  OK  [0m] Started ebtables ruleset management.
[[0;32m  OK  [0m] Found device /dev/ttyS0.
[[0;32m  OK  [0m] Listening on Load/Save RF Kill Switch Status /dev/rfkill Watch.
[[0;32m  OK  [0m] Started AppArmor initialization.
         Starting Load AppArmor profiles managed internally by snapd...
         Starting Initial cloud-init job (pre-networking)...
[[0;32m  OK  [0m] Started Load AppArmor profiles managed internally by snapd.
[   17.120568] cloud-init[566]: Cloud-init v. 20.3-2-g371b392c-0ubuntu1~18.04.1 running 'init-local' at Sun, 25 Oct 2020 17:56:05 +0000. Up 16.58 seconds.
[[0;32m  OK  [0m] Started Initial cloud-init job (pre-networking).
[[0;32m  OK  [0m] Reached target Network (Pre).
         Starting Network Service...
[[0;32m  OK  [0m] Started Network Service.
         Starting Wait for Network to be Configured...
         Starting Network Name Resolution...
[[0;32m  OK  [0m] Started Network Name Resolution.
[[0;32m  OK  [0m] Reached target Network.
[[0;32m  OK  [0m] Reached target Host and Network Name Lookups.
[[0;32m  OK  [0m] Started Wait for Network to be Configured.
         Starting Initial cloud-init job (metadata service crawler)...
[   20.005594] cloud-init[682]: Cloud-init v. 20.3-2-g371b392c-0ubuntu1~18.04.1 running 'init' at Sun, 25 Oct 2020 17:56:08 +0000. Up 19.74 seconds.
[   20.006714] cloud-init[682]: ci-info: ++++++++++++++++++++++++++++++++++++++Net device info+++++++++++++++++++++++++++++++++++++++
[   20.007849] cloud-init[682]: ci-info: +--------+-------+----------------------------+---------------+--------+-------------------+
[   20.009180] cloud-init[682]: ci-info: | Device |   Up  |          Address           |      Mask     | Scope  |     Hw-Address    |
[   20.011310] cloud-init[682]: ci-info: +--------+-------+----------------------------+---------------+--------+-------------------+
[   20.013378] cloud-init[682]: ci-info: | enp0s3 |  True |         10.0.2.15          | 255.255.255.0 | global | 02:c6:b0:25:69:cb |
[   20.024274] cloud-init[682]: ci-info: | enp0s3 |  True | fe80::c6:b0ff:fe25:69cb/64 |       .       |  link  | 02:c6:b0:25:69:cb |
[   20.025646] cloud-init[682]: ci-info: | enp0s8 | False |             .              |       .       |   .    | 08:00:27:59:a7:08 |
[   20.027753] cloud-init[682]: ci-info: |   lo   |  True |         127.0.0.1          |   255.0.0.0   |  host  |         .         |
[   20.028959] cloud-init[682]: ci-info: |   lo   |  True |          ::1/128           |       .       |  host  |         .         |
[   20.040353] cloud-init[682]: ci-info: +--------+-------+----------------------------+---------------+--------+-------------------+
[   20.042642] cloud-init[682]: ci-info: ++++++++++++++++++++++++++++Route IPv4 info+++++++++++++++++++++++++++++
[   20.043718] cloud-init[682]: ci-info: +-------+-------------+----------+-----------------+-----------+-------+
[   20.052336] cloud-init[682]: ci-info: | Route | Destination | Gateway  |     Genmask     | Interface | Flags |
[   20.053620] cloud-init[682]: ci-info: +-------+-------------+----------+-----------------+-----------+-------+
[   20.054895] cloud-init[682]: ci-info: |   0   |   0.0.0.0   | 10.0.2.2 |     0.0.0.0     |   enp0s3  |   UG  |
[   20.056457] cloud-init[682]: ci-info: |   1   |   10.0.2.0  | 0.0.0.0  |  255.255.255.0  |   enp0s3  |   U   |
[   20.068483] cloud-init[682]: ci-info: |   2   |   10.0.2.2  | 0.0.0.0  | 255.255.255.255 |   enp0s3  |   UH  |
[   20.080283] cloud-init[682]: ci-info: +-------+-------------+----------+-----------------+-----------+-------+
[   20.092182] cloud-init[682]: ci-info: +++++++++++++++++++Route IPv6 info+++++++++++++++++++
[   20.093140] cloud-init[682]: ci-info: +-------+-------------+---------+-----------+-------+
[   20.108519] cloud-init[682]: ci-info: | Route | Destination | Gateway | Interface | Flags |
[   20.124218] cloud-init[682]: ci-info: +-------+-------------+---------+-----------+-------+
[   20.142415] cloud-init[682]: ci-info: |   1   |  fe80::/64  |    ::   |   enp0s3  |   U   |
[   20.143738] cloud-init[682]: ci-info: |   3   |    local    |    ::   |   enp0s3  |   U   |
[   20.152565] cloud-init[682]: ci-info: |   4   |   ff00::/8  |    ::   |   enp0s3  |   U   |
[   20.164624] cloud-init[682]: ci-info: +-------+-------------+---------+-----------+-------+
[   20.658936] cloud-init[682]: Generating public/private rsa key pair.
[   20.673752] cloud-init[682]: Your identification has been saved in /etc/ssh/ssh_host_rsa_key.
[   20.674894] cloud-init[682]: Your public key has been saved in /etc/ssh/ssh_host_rsa_key.pub.
[   20.675759] cloud-init[682]: The key fingerprint is:
[   20.676365] cloud-init[682]: SHA256:t2ZptymHliV0Rbp8S2cHrQhnEXb90YBwA1Ktbu8gDC4 root@ubuntu-bionic
[   20.677511] cloud-init[682]: The key's randomart image is:
[   20.688761] cloud-init[682]: +---[RSA 2048]----+
[   20.689698] cloud-init[682]: |        ..++*++o.|
[   20.700441] cloud-init[682]: |         . oo=.oo|
[   20.701474] cloud-init[682]: |          ..+.. +|
[   20.702660] cloud-init[682]: |          o=.o o.|
[   20.703757] cloud-init[682]: |      . So..+ + +|
[   20.704873] cloud-init[682]: |     . o .+o.o +.|
[   20.706588] cloud-init[682]: |    E . o.B*. .  |
[   20.707506] cloud-init[682]: |     .   ==ooo   |
[   20.720250] cloud-init[682]: |         . ++    |
[[0;32m  OK  [0m[   20.732845] cloud-init[682]: +----[SHA256]-----+
[   20.733502] cloud-init[682]: Generating public/private dsa key pair.
[   20.733997] cloud-init[682]: Your identification has been saved in /etc/ssh/ssh_host_dsa_key.
[   20.734406] cloud-init[682]: Your public key has been saved in /etc/ssh/ssh_host_dsa_key.pub.
[   20.735001] cloud-init[682]: The key fingerprint is:
[   20.735469] cloud-init[682]: SHA256:YJr2kj28IOsbUUvcraKkzDJzjl2cPyoKKCpStH1HkbY root@ubuntu-bionic
[   20.735664] cloud-init[682]: The key's randomart image is:
] Started Initial cloud-init job (metadata service crawler).
[   20.735877] cloud-init[682]: +---[DSA 1024]----+
[[0;32m  OK  [0m] Reached target System Initialization.
[   20.748429] cloud-init[682]: |         .       |
[   20.749829] cloud-init[682]: |   . . .+        |
[   20.750703] cloud-init[682]: |    + +..o       |
         [   20.761140] Starting Socket activation for snappy daemon.
cloud-init[682]: |  .o = oE        |
[   20.762217] cloud-init[682]: | .oo* ..S        |
[[   20.772698] cloud-init[682]: |+oo=.B. .        |
[   20.772911] cloud-init[682]: |O+= B.=.         |
[   20.773026] cloud-init[682]: |BB.= +.o         |
[   20.773725] cloud-init[682]: |*o*o..o.         |
[0;32m  OK  [0m] Started Discard unused blocks once a week.
[   20.774143] cloud-init[682]: +----[SHA256]-----+
[   20.774205] cloud-init[682]: Generating public/private ecdsa key pair.
[[   20.776571] cloud-init[682]: Your identification has been saved in /etc/ssh/ssh_host_ecdsa_key.
[   20.776712] cloud-init[682]: Your public key has been saved in /etc/ssh/ssh_host_ecdsa_key.pub.
[   20.777270] cloud-init[682]: The key fingerprint is:
[   20.777684] cloud-init[682]: SHA256:NIQJRZEVw/JidX71ictlReGWdKBHIJcwcI6rCKZOhiE root@ubuntu-bionic
[   20.778141] cloud-init[682]: The key's randomart image is:
[   20.778596] cloud-init[682]: +---[ECDSA 256]---+
[   20.779068] cloud-init[682]: |    .++B*o=.ooo=+|
[   20.779659] cloud-init[682]: |      =.o=.+.o+ +|
[   20.780696] cloud-init[682]: |       ++o. ..o=o|
[   20.781414] cloud-init[682]: |      o..o. .o.+.|
[   20.781728] cloud-init[682]: |E o  . .S  .. +  |
[0;32m  OK  [0m] Started Daily Cleanup of Temporary Directories.
[   20.782149] cloud-init[682]: |o+ . . .     o   |
[   20.785921] cloud-init[682]: |oo  . .          |
[   20.786858] cloud-init[682]: |+                |
[   20.797998] cloud-init[682]: | .               |
         [   20.800386] cloud-init[682]: +----[SHA256]-----+
[   20.800479] cloud-init[682]: Generating public/private ed25519 key pair.
[   20.800675] cloud-init[682]: Your identification has been saved in /etc/ssh/ssh_host_ed25519_key.
[   20.801229] cloud-init[682]: Your public key has been saved in /etc/ssh/ssh_host_ed25519_key.pub.
[   20.801844] cloud-init[682]: The key fingerprint is:
[   20.802153] cloud-init[682]: SHA256:d5BG00GoAP1J+tW6lt12PVSuWFTxm0wObrpkoZ2W0Ok root@ubuntu-bionic
[   20.802885] cloud-init[682]: The key's randomart image is:
[   20.803482] cloud-init[682]: +--[ED25519 256]--+
[   20.803913] cloud-init[682]: |    .o    o+o. ..|
[   20.805322] cloud-init[682]: |      o ...o.   o|
[   20.805723] cloud-init[682]: |       = o+. . o.|
[   20.806178] cloud-init[682]: |      . +.o.+ * +|
[   20.807835] cloud-init[682]: |       .So.=.+ *.|
[   20.808774] cloud-init[682]: |        ..*.* ...|
[   20.809602] cloud-init[682]: |         . E +...|
[   20.810079] cloud-init[682]: |          B + +.o|
[   20.810752] cloud-init[682]: |         . . . ..|
[   20.811240] cloud-init[682]: +----[SHA256]-----+
Starting LXD - unix socket.
[[0;32m  OK  [0m] Started ACPI Events Check.
[[0;32m  OK  [0m] Reached target Paths.
[[0;32m  OK  [0m] Listening on Open-iSCSI iscsid Socket.
[[0;32m  OK  [0m] Listening on D-Bus System Message Bus Socket.
[[0;32m  OK  [0m] Listening on ACPID Listen Socket.
[[0;32m  OK  [0m] Listening on UUID daemon activation socket.
[[0;32m  OK  [0m] Started Message of the Day.
[[0;32m  OK  [0m] Started Daily apt download activities.
[[0;32m  OK  [0m] Started Daily apt upgrade and clean activities.
[[0;32m  OK  [0m] Reached target Timers.
[[0;32m  OK  [0m] Reached target Cloud-config availability.
[[0;32m  OK  [0m] Reached target Network is Online.
         Starting Availability of block devices...
[[0;32m  OK  [0m] Reached target Remote File Systems (Pre).
[[0;32m  OK  [0m] Reached target Remote File Systems.
[[0;32m  OK  [0m] Listening on Socket activation for snappy daemon.
[[0;32m  OK  [0m] Listening on LXD - unix socket.
[[0;32m  OK  [0m] Started Availability of block devices.
[[0;32m  OK  [0m] Reached target Sockets.
[[0;32m  OK  [0m] Reached target Basic System.
[[0;32m  OK  [0m] Started D-Bus System Message Bus.
[[0;32m  OK  [0m] Started FUSE filesystem for LXC.
         Starting LXD - container startup/shutdown...
         Starting Login Service...
         Starting Permit User Sessions...
[[0;32m  OK  [0m] Started irqbalance daemon.
         Starting LSB: Record successful boot for GRUB...
         Starting System Logging Service...
         Starting Virtualbox guest utils...
         Starting Dispatcher daemon for systemd-networkd...
[[0;32m  OK  [0m] Started Regular background program processing daemon.
         Starting Pollinate to seed the pseudo random number generator...
         Starting LSB: automatic crash report generation...
         Starting Accounts Service...
[[0;32m  OK  [0m] Started Deferred execution scheduler.
         Starting Snap Daemon...
[[0;32m  OK  [0m] Started System Logging Service.
[[0;32m  OK  [0m] Started LXD - container startup/shutdown.
[[0;32m  OK  [0m] Started Permit User Sessions.
[[0;32m  OK  [0m] Started Login Service.
[[0;32m  OK  [0m] Started Unattended Upgrades Shutdown.
         Starting Hold until boot process finishes up...
         Starting Terminate Plymouth Boot Screen...
[[0;32m  OK  [0m] Started Hold until boot process finishes up.
[[0;32m  OK  [0m] Started Terminate Plymouth Boot Screen.
         Starting Set console scheme...
[[0;32m  OK  [0m] Started Serial Getty on ttyS0.
[[0;32m  OK  [0m] Started LSB: automatic crash report generation.
[[0;32m  OK  [0m] Started LSB: Record successful boot for GRUB.
[[0;32m  OK  [0m] Started Set console scheme.
[[0;32m  OK  [0m] Created slice system-getty.slice.
[[0;32m  OK  [0m] Started Getty on tty1.
[[0;32m  OK  [0m] Reached target Login Prompts.
[[0;32m  OK  [0m] Started Virtualbox guest utils.
         Starting Authorization Manager...
[[0;32m  OK  [0m] Started Authorization Manager.
[[0;32m  OK  [0m] Started Accounts Service.
[[0;32m  OK  [0m] Started Dispatcher daemon for systemd-networkd.
[[0;32m  OK  [0m] Started Snap Daemon.
         Starting Wait until snapd is fully seeded...
[[0;32m  OK  [0m] Started Wait until snapd is fully seeded.
         Starting Apply the settings specified in cloud-config...
[[0;32m  OK  [0m] Started Pollinate to seed the pseudo random number generator.
         Starting OpenBSD Secure Shell server...
[[0;32m  OK  [0m] Started OpenBSD Secure Shell server.
[[0;32m  OK  [0m] Reached target Multi-User System.
[[0;32m  OK  [0m] Reached target Graphical Interface.
         Starting Update UTMP about System Runlevel Changes...
[[0;32m  OK  [0m] Started Update UTMP about System Runlevel Changes.
[[0;32m  OK  [0m] Created slice User Slice of vagrant.
         Starting User Manager for UID 1000...
[[0;32m  OK  [0m] Started Session 1 of user vagrant.
[[0;32m  OK  [0m] Started User Manager for UID 1000.
[   24.792523] cloud-init[1174]: Cloud-init v. 20.3-2-g371b392c-0ubuntu1~18.04.1 running 'modules:config' at Sun, 25 Oct 2020 17:56:12 +0000. Up 23.64 seconds.
[[0;32m  OK  [0m] Started Apply the settings specified in cloud-config.
         Starting Execute cloud user/final scripts...
ci-info: no authorized SSH keys fingerprints found for user ubuntu.
<14>Oct 25 17:56:14 ec2: 
<14>Oct 25 17:56:14 ec2: #############################################################
<14>Oct 25 17:56:14 ec2: -----BEGIN SSH HOST KEY FINGERPRINTS-----
<14>Oct 25 17:56:14 ec2: 1024 SHA256:YJr2kj28IOsbUUvcraKkzDJzjl2cPyoKKCpStH1HkbY root@ubuntu-bionic (DSA)
<14>Oct 25 17:56:14 ec2: 256 SHA256:NIQJRZEVw/JidX71ictlReGWdKBHIJcwcI6rCKZOhiE root@ubuntu-bionic (ECDSA)
<14>Oct 25 17:56:14 ec2: 256 SHA256:d5BG00GoAP1J+tW6lt12PVSuWFTxm0wObrpkoZ2W0Ok root@ubuntu-bionic (ED25519)
<14>Oct 25 17:56:14 ec2: 2048 SHA256:t2ZptymHliV0Rbp8S2cHrQhnEXb90YBwA1Ktbu8gDC4 root@ubuntu-bionic (RSA)
<14>Oct 25 17:56:14 ec2: -----END SSH HOST KEY FINGERPRINTS-----
<14>Oct 25 17:56:14 ec2: #############################################################
-----BEGIN SSH HOST KEY KEYS-----
ecdsa-sha2-nistp256 AAAAE2VjZHNhLXNoYTItbmlzdHAyNTYAAAAIbmlzdHAyNTYAAABBBDwo2Y1pyEN9Z9fuEAL4daQjRDi7RABjGiTwhLYfPHfrBW03dI47zmg+Pi47FXLJjffsf0ZtevR6S+sZKL9ExOA= root@ubuntu-bionic
ssh-ed25519 AAAAC3NzaC1lZDI1NTE5AAAAINKo7wYfD05VIfF028VAuk/MXQ5RzhADIX3MyXyuwRBJ root@ubuntu-bionic
ssh-rsa AAAAB3NzaC1yc2EAAAADAQABAAABAQDjQrqlu5Cebl/KcupS7VFy+fidnkNAM185/vBpzc9VvwzVL9J+1Cm3ONjcLa512yvnxV5rvOhVrNwVMA7OgBU0D+qB+rgFqfE78uWmABHh25B92bSjeGp4JuzzaZzsonDW+wn8mzP2zXd9wIb31z9d457CvvFsELPdsdTAlAoXQ6trgCZb/I532LwoimMHUfdAlqpFnP6Pajeu0a7Lw1hIVdMiHg6lIHTIgeQwRW1L+oUmfiaspHLZ4zuoUH0zjwXC382quBiVYLgLmbLBGep/sLXCDeQkUV/MccR2K+DV25eOHjuy2a+ByymF9bdbRjoT8uteZ9cm/wmlR3uuF6tJ root@ubuntu-bionic
-----END SSH HOST KEY KEYS-----
[   25.756339] cloud-init[1316]: Cloud-init v. 20.3-2-g371b392c-0ubuntu1~18.04.1 running 'modules:final' at Sun, 25 Oct 2020 17:56:14 +0000. Up 25.48 seconds.
[   25.758453] cloud-init[1316]: ci-info: no authorized SSH keys fingerprints found for user ubuntu.
[   25.759628] cloud-init[1316]: Cloud-init v. 20.3-2-g371b392c-0ubuntu1~18.04.1 finished at Sun, 25 Oct 2020 17:56:14 +0000. Datasource DataSourceNoCloud [seed=/dev/sdb][dsmode=net].  Up 25.74 seconds
[[0;32m  OK  [0m] Started Execute cloud user/final scripts.
[[0;32m  OK  [0m] Reached target Cloud-init target.

Ubuntu 18.04.5 LTS ubuntu-bionic ttyS0

ubuntu-bionic login:          Stopping Authorization Manager...
[[0;32m  OK  [0m] Stopped target Graphical Interface.
         Stopping Accounts Service...
         Stopping Session 23 of user vagrant.
         Stopping User Manager for UID 1000...
[[0;32m  OK  [0m] Stopped target Host and Network Name Lookups.
[[0;32m  OK  [0m] Stopped target Timers.
[[0;32m  OK  [0m] Stopped Daily Cleanup of Temporary Directories.
[[0;32m  OK  [0m] Stopped Daily apt upgrade and clean activities.
[[0;32m  OK  [0m] Stopped Daily apt download activities.
[[0;32m  OK  [0m] Stopped Discard unused blocks once a week.
[[0;32m  OK  [0m] Stopped Message of the Day.
         Stopping Daemon for generating UUIDs...
         Stopping Availability of block devices...
[[0;32m  OK  [0m] Stopped target System Time Synchronized.
[[0;32m  OK  [0m] Stopped target Cloud-init target.
[[0;32m  OK  [0m] Stopped Execute cloud user/final scripts.
[[0;32m  OK  [0m] Stopped Apply the settings specified in cloud-config.
[[0;32m  OK  [0m] Stopped target Cloud-config availability.
[[0;32m  OK  [0m] Stopped target Network is Online.
[[0;32m  OK  [0m] Closed Load/Save RF Kill Switch Status /dev/rfkill Watch.
[[0;32m  OK  [0m] Stopped target Multi-User System.
         Stopping System Logging Service...
         Stopping irqbalance daemon...
         Stopping Regular background program processing daemon...
[[0;32m  OK  [0m] Stopped Wait until snapd is fully seeded.
         Stopping FUSE filesystem for LXC...
         Stopping Deferred execution scheduler...
         Stopping LXD - container startup/shutdown...
[[0;32m  OK  [0m] Stopped target Login Prompts.
         Stopping Serial Getty on ttyS0...
         Stopping Getty on tty1...
         Stopping LSB: automatic crash report generation...
         Stopping Virtualbox guest utils...
         Stopping OpenBSD Secure Shell server...
         Stopping LSB: Record successful boot for GRUB...
         Stopping D-Bus System Message Bus...
         Stopping Dispatcher daemon for systemd-networkd...
[[0;32m  OK  [0m] Unmounted /var/lib/lxcfs.
[[0;32m  OK  [0m] Stopped irqbalance daemon.
[[0;32m  OK  [0m] Stopped System Logging Service.
[[0;32m  OK  [0m] Stopped Dispatcher daemon for systemd-networkd.
[[0;32m  OK  [0m] Stopped Regular background program processing daemon.
[[0;32m  OK  [0m] Stopped Accounts Service.
[[0;32m  OK  [0m] Stopped Deferred execution scheduler.
[[0;32m  OK  [0m] Stopped Serial Getty on ttyS0.
[[0;32m  OK  [0m] Stopped Getty on tty1.
[[0;32m  OK  [0m] Stopped Authorization Manager.
[[0;32m  OK  [0m] Stopped OpenBSD Secure Shell server.
[[0;32m  OK  [0m] Stopped Daemon for generating UUIDs.
[[0;32m  OK  [0m] Stopped User Manager for UID 1000.
[[0;32m  OK  [0m] Stopped Availability of block devices.
[[0;32m  OK  [0m] Stopped D-Bus System Message Bus.
[[0;32m  OK  [0m] Stopped FUSE filesystem for LXC.
[[0;32m  OK  [0m] Stopped Session 23 of user vagrant.
[[0;32m  OK  [0m] Removed slice User Slice of vagrant.
         Stopping Login Service...
[[0;32m  OK  [0m] Removed slice system-getty.slice.
         Stopping Permit User Sessions...
[[0;32m  OK  [0m] Removed slice system-serial\x2dgetty.slice.
[[0;32m  OK  [0m] Stopped LXD - container startup/shutdown.
[[0;32m  OK  [0m] Stopped LSB: Record successful boot for GRUB.
[[0;32m  OK  [0m] Stopped Permit User Sessions.
[[0;32m  OK  [0m] Stopped LSB: automatic crash report generation.
[[0;32m  OK  [0m] Stopped target Remote File Systems.
[[0;32m  OK  [0m] Stopped target Remote File Systems (Pre).
[[0;32m  OK  [0m] Stopped target Network.
         Stopping Network Name Resolution...
[[0;32m  OK  [0m] Stopped Virtualbox guest utils.
[[0;32m  OK  [0m] Stopped Network Name Resolution.
         Stopping Network Service...
[[0;32m  OK  [0m] Stopped Login Service.
[[0;32m  OK  [0m] Stopped target User and Group Name Lookups.
[[0;32m  OK  [0m] Stopped target Basic System.
[[0;32m  OK  [0m] Stopped target Paths.
[[0;32m  OK  [0m] Stopped ACPI Events Check.
[[0;32m  OK  [0m] Stopped target Slices.
[[0;32m  OK  [0m] Removed slice User and Session Slice.
[[0;32m  OK  [0m] Stopped target Sockets.
[[0;32m  OK  [0m] Closed ACPID Listen Socket.
[[0;32m  OK  [0m] Closed UUID daemon activation socket.
[[0;32m  OK  [0m] Closed Socket activation for snappy daemon.
[[0;32m  OK  [0m] Closed Open-iSCSI iscsid Socket.
[[0;32m  OK  [0m] Closed Syslog Socket.
[[0;32m  OK  [0m] Closed LXD - unix socket.
[[0;32m  OK  [0m] Closed D-Bus System Message Bus Socket.
[[0;32m  OK  [0m] Stopped target System Initialization.
         Stopping Update UTMP about System Boot/Shutdown...
         Stopping Load/Save Random Seed...
[[0;32m  OK  [0m] Stopped Initial cloud-init job (metadata service crawler).
[[0;32m  OK  [0m] Stopped target Local Encrypted Volumes.
[[0;32m  OK  [0m] Stopped Forward Password Requests to Wall Directory Watch.
[[0;32m  OK  [0m] Stopped Dispatch Password Requests to Console Directory Watch.
[[0;32m  OK  [0m] Stopped Commit a transient machine-id on disk.
[[0;32m  OK  [0m] Stopped Network Service.
[[0;32m  OK  [0m] Stopped Load/Save Random Seed.
[[0;32m  OK  [0m] Stopped Update UTMP about System Boot/Shutdown.
[[0;32m  OK  [0m] Stopped Create Volatile Files and Directories.
[[0;32m  OK  [0m] Stopped target Local File Systems.
         Unmounting /vagrant...
         Unmounting /run/user/1000...
[[0;32m  OK  [0m] Stopped Apply Kernel Variables.
[[0;32m  OK  [0m] Stopped Load Kernel Modules.
[[0;32m  OK  [0m] Stopped target Network (Pre).
[[0;32m  OK  [0m] Stopped Initial cloud-init job (pre-networking).
[[0;32m  OK  [0m] Unmounted /vagrant.
[[0;32m  OK  [0m] Unmounted /run/user/1000.
[[0;32m  OK  [0m] Reached target Unmount All Filesystems.
[[0;32m  OK  [0m] Stopped target Local File Systems (Pre).
         Stopping Monitoring of LVM2 mirrors…ng dmeventd or progress polling...
[[0;32m  OK  [0m] Stopped Remount Root and Kernel File Systems.
[[0;32m  OK  [0m] Stopped Create Static Device Nodes in /dev.
[[0;32m  OK  [0m] Stopped target Swap.
[[0;32m  OK  [0m] Reached target Shutdown.
[[0;32m  OK  [0m] Reached target Final Step.
         Starting Power-Off...
[[0;32m  OK  [0m] Stopped Monitoring of LVM2 mirrors,…sing dmeventd or progress polling.
         Stopping LVM2 metadata daemon...
[[0;32m  OK  [0m] Stopped LVM2 metadata daemon.
[ 8116.724060] reboot: Power down
